./monitorMulti.sh: line 24: [[: 6553
6553: syntax error in expression (error token is "6553")
./monitorMulti.sh: line 24: [[: 6553
6553: syntax error in expression (error token is "6553")
./monitorMulti.sh: line 24: [[: 6553
6553: syntax error in expression (error token is "6553")
./monitorMulti.sh: line 24: [[: 6553
6553: syntax error in expression (error token is "6553")
./monitorMulti.sh: line 24: [[: 6553
6553: syntax error in expression (error token is "6553")
./monitorMulti.sh: line 24: [[: 6553
6553: syntax error in expression (error token is "6553")
./monitorMulti.sh: line 24: [[: 6553
6553: syntax error in expression (error token is "6553")
./monitorMulti.sh: line 24: [[: 6553
6553: syntax error in expression (error token is "6553")
./monitorMulti.sh: line 24: [[: 6553
6553: syntax error in expression (error token is "6553")
./monitorMulti.sh: line 24: [[: 6553
6553: syntax error in expression (error token is "6553")
./monitorMulti.sh: line 24: [[: 6553
6553: syntax error in expression (error token is "6553")
./monitorMulti.sh: line 24: [[: 6553
6553: syntax error in expression (error token is "6553")
./monitorMulti.sh: line 24: [[: 6553
6553: syntax error in expression (error token is "6553")
./monitorMulti.sh: line 24: [[: 6553
6553: syntax error in expression (error token is "6553")
./monitorMulti.sh: line 24: [[: 6553
6553: syntax error in expression (error token is "6553")
./monitorMulti.sh: line 24: [[: 6553
6553: syntax error in expression (error token is "6553")
./monitorMulti.sh: line 24: [[: 6553
6553: syntax error in expression (error token is "6553")
./monitorMulti.sh: line 24: [[: 6553
6553: syntax error in expression (error token is "6553")
./monitorMulti.sh: line 24: [[: 6553
6553: syntax error in expression (error token is "6553")
./monitorMulti.sh: line 24: [[: 6553
6553: syntax error in expression (error token is "6553")
./monitorMulti.sh: line 24: [[: 6553
6553: syntax error in expression (error token is "6553")
./monitorMulti.sh: line 24: [[: 6553
6553: syntax error in expression (error token is "6553")
./monitorMulti.sh: line 24: [[: 6553
6553: syntax error in expression (error token is "6553")
./monitorMulti.sh: line 24: [[: 6553
6553: syntax error in expression (error token is "6553")
./monitorMulti.sh: line 24: [[: 6553
6553: syntax error in expression (error token is "6553")
./monitorMulti.sh: line 24: [[: 6553
6553: syntax error in expression (error token is "6553")
./monitorMulti.sh: line 24: [[: 6553
6553: syntax error in expression (error token is "6553")
./monitorMulti.sh: line 24: [[: 6553
6553: syntax error in expression (error token is "6553")
./monitorMulti.sh: line 24: [[: 6553
6553: syntax error in expression (error token is "6553")
./monitorMulti.sh: line 24: [[: 6553
6553: syntax error in expression (error token is "6553")
./monitorMulti.sh: line 24: [[: 6553
6553: syntax error in expression (error token is "6553")
./monitorMulti.sh: line 24: [[: 6553
6553: syntax error in expression (error token is "6553")
./monitorMulti.sh: line 24: [[: 6553
6553: syntax error in expression (error token is "6553")
./monitorMulti.sh: line 24: [[: 6553
6553: syntax error in expression (error token is "6553")
./monitorMulti.sh: line 24: [[: 6553
6553: syntax error in expression (error token is "6553")
./monitorMulti.sh: line 24: [[: 6553
6553: syntax error in expression (error token is "6553")
./monitorMulti.sh: line 24: [[: 6553
6553: syntax error in expression (error token is "6553")
./monitorMulti.sh: line 24: [[: 6553
6553: syntax error in expression (error token is "6553")
./monitorMulti.sh: line 24: [[: 6553
6553: syntax error in expression (error token is "6553")
./monitorMulti.sh: line 24: [[: 6553
6553: syntax error in expression (error token is "6553")
./monitorMulti.sh: line 24: [[: 6553
6553: syntax error in expression (error token is "6553")
./monitorMulti.sh: line 24: [[: 6553
6553: syntax error in expression (error token is "6553")
./monitorMulti.sh: line 24: [[: 6553
6553: syntax error in expression (error token is "6553")
./monitorMulti.sh: line 24: [[: 6553
6553: syntax error in expression (error token is "6553")
./monitorMulti.sh: line 24: [[: 6553
6553: syntax error in expression (error token is "6553")
./monitorMulti.sh: line 24: [[: 6553
6553: syntax error in expression (error token is "6553")
./monitorMulti.sh: line 24: [[: 6553
6553: syntax error in expression (error token is "6553")
./monitorMulti.sh: line 24: [[: 6553
6553: syntax error in expression (error token is "6553")
./monitorMulti.sh: line 24: [[: 6553
6553: syntax error in expression (error token is "6553")
./monitorMulti.sh: line 24: [[: 6553
6553: syntax error in expression (error token is "6553")
./monitorMulti.sh: line 24: [[: 6553
6553: syntax error in expression (error token is "6553")
./monitorMulti.sh: line 24: [[: 6553
6553: syntax error in expression (error token is "6553")
./monitorMulti.sh: line 24: [[: 6553
6553: syntax error in expression (error token is "6553")
./monitorMulti.sh: line 24: [[: 6553
6553: syntax error in expression (error token is "6553")
./monitorMulti.sh: line 24: [[: 6553
6553: syntax error in expression (error token is "6553")
./monitorMulti.sh: line 24: [[: 6553
6553: syntax error in expression (error token is "6553")
./monitorMulti.sh: line 24: [[: 6553
6553: syntax error in expression (error token is "6553")
./monitorMulti.sh: line 24: [[: 6553
6553: syntax error in expression (error token is "6553")
./monitorMulti.sh: line 24: [[: 6553
6553: syntax error in expression (error token is "6553")
./monitorMulti.sh: line 24: [[: 6553
6553: syntax error in expression (error token is "6553")
./monitorMulti.sh: line 24: [[: 6553
6553: syntax error in expression (error token is "6553")
./monitorMulti.sh: line 24: [[: 6553
6553: syntax error in expression (error token is "6553")
./monitorMulti.sh: line 24: [[: 6553
6553: syntax error in expression (error token is "6553")
./monitorMulti.sh: line 24: [[: 6553
6553: syntax error in expression (error token is "6553")
./monitorMulti.sh: line 24: [[: 6553
6553: syntax error in expression (error token is "6553")
./monitorMulti.sh: line 24: [[: 6553
6553: syntax error in expression (error token is "6553")
./monitorMulti.sh: line 24: [[: 6553
6553: syntax error in expression (error token is "6553")
./monitorMulti.sh: line 24: [[: 6553
6553: syntax error in expression (error token is "6553")
./monitorMulti.sh: line 24: [[: 6553
6553: syntax error in expression (error token is "6553")
./monitorMulti.sh: line 24: [[: 6553
6553: syntax error in expression (error token is "6553")
./monitorMulti.sh: line 24: [[: 6553
6553: syntax error in expression (error token is "6553")
./monitorMulti.sh: line 24: [[: 6553
6553: syntax error in expression (error token is "6553")
./monitorMulti.sh: line 24: [[: 6553
6553: syntax error in expression (error token is "6553")
./monitorMulti.sh: line 24: [[: 6553
6553: syntax error in expression (error token is "6553")
./monitorMulti.sh: line 24: [[: 6553
6553: syntax error in expression (error token is "6553")
./monitorMulti.sh: line 24: [[: 6553
6553: syntax error in expression (error token is "6553")
./monitorMulti.sh: line 24: [[: 6553
6553: syntax error in expression (error token is "6553")
./monitorMulti.sh: line 24: [[: 6553
6553: syntax error in expression (error token is "6553")
./monitorMulti.sh: line 24: [[: 6553
6553: syntax error in expression (error token is "6553")
./monitorMulti.sh: line 24: [[: 6553
6553: syntax error in expression (error token is "6553")
./monitorMulti.sh: line 24: [[: 6553
6553: syntax error in expression (error token is "6553")
./monitorMulti.sh: line 24: [[: 6553
6553: syntax error in expression (error token is "6553")
./monitorMulti.sh: line 24: [[: 6553
6553: syntax error in expression (error token is "6553")
./monitorMulti.sh: line 24: [[: 6553
6553: syntax error in expression (error token is "6553")
./monitorMulti.sh: line 24: [[: 6553
6553: syntax error in expression (error token is "6553")
./monitorMulti.sh: line 24: [[: 6553
6553: syntax error in expression (error token is "6553")
./monitorMulti.sh: line 24: [[: 6553
6553: syntax error in expression (error token is "6553")
./monitorMulti.sh: line 24: [[: 6553
6553: syntax error in expression (error token is "6553")
./monitorMulti.sh: line 24: [[: 6553
6553: syntax error in expression (error token is "6553")
./monitorMulti.sh: line 24: [[: 6553
6553: syntax error in expression (error token is "6553")
./monitorMulti.sh: line 24: [[: 6553
6553: syntax error in expression (error token is "6553")
./monitorMulti.sh: line 24: [[: 6553
6553: syntax error in expression (error token is "6553")
./monitorMulti.sh: line 24: [[: 6553
6553: syntax error in expression (error token is "6553")
./monitorMulti.sh: line 24: [[: 6553
6553: syntax error in expression (error token is "6553")
./monitorMulti.sh: line 24: [[: 6553
6553: syntax error in expression (error token is "6553")
./monitorMulti.sh: line 24: [[: 6553
6553: syntax error in expression (error token is "6553")
./monitorMulti.sh: line 24: [[: 6553
6553: syntax error in expression (error token is "6553")
./monitorMulti.sh: line 24: [[: 6553
6553: syntax error in expression (error token is "6553")
./monitorMulti.sh: line 24: [[: 6553
6553: syntax error in expression (error token is "6553")
./monitorMulti.sh: line 24: [[: 6553
6553: syntax error in expression (error token is "6553")
./monitorMulti.sh: line 24: [[: 6553
6553: syntax error in expression (error token is "6553")
./monitorMulti.sh: line 24: [[: 6553
6553: syntax error in expression (error token is "6553")
./monitorMulti.sh: line 24: [[: 6553
6553: syntax error in expression (error token is "6553")
./monitorMulti.sh: line 24: [[: 6553
6553: syntax error in expression (error token is "6553")
./monitorMulti.sh: line 24: [[: 6553
6553: syntax error in expression (error token is "6553")
./monitorMulti.sh: line 24: [[: 6553
6553: syntax error in expression (error token is "6553")
./monitorMulti.sh: line 24: [[: 6553
6553: syntax error in expression (error token is "6553")
./monitorMulti.sh: line 24: [[: 6553
6553: syntax error in expression (error token is "6553")
./monitorMulti.sh: line 24: [[: 6553
6553: syntax error in expression (error token is "6553")
./monitorMulti.sh: line 24: [[: 6553
6553: syntax error in expression (error token is "6553")
./monitorMulti.sh: line 24: [[: 6553
6553: syntax error in expression (error token is "6553")
./monitorMulti.sh: line 24: [[: 6553
6553: syntax error in expression (error token is "6553")
./monitorMulti.sh: line 24: [[: 6553
6553: syntax error in expression (error token is "6553")
./monitorMulti.sh: line 24: [[: 6553
6553: syntax error in expression (error token is "6553")
./monitorMulti.sh: line 24: [[: 6553
6553: syntax error in expression (error token is "6553")
./monitorMulti.sh: line 24: [[: 6553
6553: syntax error in expression (error token is "6553")
./monitorMulti.sh: line 24: [[: 6553
6553: syntax error in expression (error token is "6553")
./monitorMulti.sh: line 24: [[: 6553
6553: syntax error in expression (error token is "6553")
./monitorMulti.sh: line 24: [[: 6553
6553: syntax error in expression (error token is "6553")
./monitorMulti.sh: line 24: [[: 6553
6553: syntax error in expression (error token is "6553")
./monitorMulti.sh: line 24: [[: 6553
6553: syntax error in expression (error token is "6553")
./monitorMulti.sh: line 24: [[: 6553
6553: syntax error in expression (error token is "6553")
./monitorMulti.sh: line 24: [[: 6553
6553: syntax error in expression (error token is "6553")
./monitorMulti.sh: line 24: [[: 6553
6553: syntax error in expression (error token is "6553")
./monitorMulti.sh: line 24: [[: 6553
6553: syntax error in expression (error token is "6553")
./monitorMulti.sh: line 24: [[: 6553
6553: syntax error in expression (error token is "6553")
./monitorMulti.sh: line 24: [[: 6553
6553: syntax error in expression (error token is "6553")
./monitorMulti.sh: line 24: [[: 6553
6553: syntax error in expression (error token is "6553")
./monitorMulti.sh: line 24: [[: 6553
6553: syntax error in expression (error token is "6553")
./monitorMulti.sh: line 24: [[: 6553
6553: syntax error in expression (error token is "6553")
./monitorMulti.sh: line 24: [[: 6553
6553: syntax error in expression (error token is "6553")
./monitorMulti.sh: line 24: [[: 6553
6553: syntax error in expression (error token is "6553")
./monitorMulti.sh: line 24: [[: 6553
6553: syntax error in expression (error token is "6553")
./monitorMulti.sh: line 24: [[: 6553
6553: syntax error in expression (error token is "6553")
./monitorMulti.sh: line 24: [[: 6553
6553: syntax error in expression (error token is "6553")
./monitorMulti.sh: line 24: [[: 6553
6553: syntax error in expression (error token is "6553")
./monitorMulti.sh: line 24: [[: 6553
6553: syntax error in expression (error token is "6553")
./monitorMulti.sh: line 24: [[: 6553
6553: syntax error in expression (error token is "6553")
./monitorMulti.sh: line 24: [[: 6553
6553: syntax error in expression (error token is "6553")
./monitorMulti.sh: line 24: [[: 6553
6553: syntax error in expression (error token is "6553")
./monitorMulti.sh: line 24: [[: 6553
6553: syntax error in expression (error token is "6553")
./monitorMulti.sh: line 24: [[: 6553
6553: syntax error in expression (error token is "6553")
./monitorMulti.sh: line 24: [[: 6553
6553: syntax error in expression (error token is "6553")
./monitorMulti.sh: line 24: [[: 6553
6553: syntax error in expression (error token is "6553")
./monitorMulti.sh: line 24: [[: 6553
6553: syntax error in expression (error token is "6553")
./monitorMulti.sh: line 24: [[: 6553
6553: syntax error in expression (error token is "6553")
./monitorMulti.sh: line 24: [[: 6553
6553: syntax error in expression (error token is "6553")
./monitorMulti.sh: line 24: [[: 6553
6553: syntax error in expression (error token is "6553")
./monitorMulti.sh: line 24: [[: 6553
6553: syntax error in expression (error token is "6553")
./monitorMulti.sh: line 24: [[: 6553
6553: syntax error in expression (error token is "6553")
./monitorMulti.sh: line 24: [[: 6553
6553: syntax error in expression (error token is "6553")
./monitorMulti.sh: line 24: [[: 6553
6553: syntax error in expression (error token is "6553")
./monitorMulti.sh: line 24: [[: 6553
6553: syntax error in expression (error token is "6553")
./monitorMulti.sh: line 24: [[: 6553
6553: syntax error in expression (error token is "6553")
./monitorMulti.sh: line 24: [[: 6553
6553: syntax error in expression (error token is "6553")
./monitorMulti.sh: line 24: [[: 6553
6553: syntax error in expression (error token is "6553")
./monitorMulti.sh: line 24: [[: 6553
6553: syntax error in expression (error token is "6553")
./monitorMulti.sh: line 24: [[: 6553
6553: syntax error in expression (error token is "6553")
./monitorMulti.sh: line 24: [[: 6553
6553: syntax error in expression (error token is "6553")
./monitorMulti.sh: line 24: [[: 6553
6553: syntax error in expression (error token is "6553")
./monitorMulti.sh: line 24: [[: 6553
6553: syntax error in expression (error token is "6553")
./monitorMulti.sh: line 24: [[: 6553
6553: syntax error in expression (error token is "6553")
sudo ./start_multi.sh is down
Restarting process sudo ./start_multi.sh
sudo ./start_multi.sh is down
Restarting process sudo ./start_multi.sh
sudo ./start_multi.sh is down
Restarting process sudo ./start_multi.sh
sudo ./start_multi.sh is down
Restarting process sudo ./start_multi.sh
sudo ./start_multi.sh is down
Restarting process sudo ./start_multi.sh
sudo ./start_multi.sh is down
Restarting process sudo ./start_multi.sh
sudo ./start_multi.sh is down
Restarting process sudo ./start_multi.sh
sudo ./start_multi.sh is down
Restarting process sudo ./start_multi.sh
sudo ./start_multi.sh is down
Restarting process sudo ./start_multi.sh
sudo ./start_multi.sh is down
Restarting process sudo ./start_multi.sh
sudo ./start_multi.sh is down
Restarting process sudo ./start_multi.sh
./monitorMulti.sh: line 24: [[: 8515
8515: syntax error in expression (error token is "8515")
./monitorMulti.sh: line 24: [[: 8515
8515: syntax error in expression (error token is "8515")
./monitorMulti.sh: line 24: [[: 8515
8515: syntax error in expression (error token is "8515")
./monitorMulti.sh: line 24: [[: 8515
8515: syntax error in expression (error token is "8515")
./monitorMulti.sh: line 24: [[: 8515
8515: syntax error in expression (error token is "8515")
./monitorMulti.sh: line 24: [[: 8515
8515: syntax error in expression (error token is "8515")
./monitorMulti.sh: line 24: [[: 8515
8515: syntax error in expression (error token is "8515")
./monitorMulti.sh: line 24: [[: 8515
8515: syntax error in expression (error token is "8515")
./monitorMulti.sh: line 24: [[: 8515
8515: syntax error in expression (error token is "8515")
./monitorMulti.sh: line 24: [[: 8515
8515: syntax error in expression (error token is "8515")
./monitorMulti.sh: line 24: [[: 8515
8515: syntax error in expression (error token is "8515")
./monitorMulti.sh: line 24: [[: 8515
8515: syntax error in expression (error token is "8515")
sudo ./start_multi.sh is down
Restarting process sudo ./start_multi.sh
./monitorMulti.sh: line 24: [[: 9306
9306: syntax error in expression (error token is "9306")
./monitorMulti.sh: line 24: [[: 9306
9306: syntax error in expression (error token is "9306")
./monitorMulti.sh: line 24: [[: 9306
9306: syntax error in expression (error token is "9306")
./monitorMulti.sh: line 24: [[: 9306
9306: syntax error in expression (error token is "9306")
./monitorMulti.sh: line 24: [[: 9306
9306: syntax error in expression (error token is "9306")
./monitorMulti.sh: line 24: [[: 9306
9306: syntax error in expression (error token is "9306")
./monitorMulti.sh: line 24: [[: 9306
9306: syntax error in expression (error token is "9306")
./monitorMulti.sh: line 24: [[: 9306
9306: syntax error in expression (error token is "9306")
./monitorMulti.sh: line 24: [[: 9306
9306: syntax error in expression (error token is "9306")
./monitorMulti.sh: line 24: [[: 9306
9306: syntax error in expression (error token is "9306")
./monitorMulti.sh: line 24: [[: 9306
9306: syntax error in expression (error token is "9306")
./monitorMulti.sh: line 24: [[: 9306
9306: syntax error in expression (error token is "9306")
./monitorMulti.sh: line 24: [[: 9306
9306: syntax error in expression (error token is "9306")
./monitorMulti.sh: line 24: [[: 9306
9306: syntax error in expression (error token is "9306")
./monitorMulti.sh: line 24: [[: 9306
9306: syntax error in expression (error token is "9306")
./monitorMulti.sh: line 24: [[: 9306
9306: syntax error in expression (error token is "9306")
sudo ./start_multi.sh is down
Restarting process sudo ./start_multi.sh
sudo ./start_multi.sh is down
Restarting process sudo ./start_multi.sh
sudo ./start_multi.sh is down
Restarting process sudo ./start_multi.sh
./monitorMulti.sh: line 24: [[: 4542
4542: syntax error in expression (error token is "4542")
./monitorMulti.sh: line 24: [[: 4542
4542: syntax error in expression (error token is "4542")
./monitorMulti.sh: line 24: [[: 4542
4542: syntax error in expression (error token is "4542")
./monitorMulti.sh: line 24: [[: 4542
4542: syntax error in expression (error token is "4542")
./monitorMulti.sh: line 24: [[: 4542
4542: syntax error in expression (error token is "4542")
./monitorMulti.sh: line 24: [[: 4542
4542: syntax error in expression (error token is "4542")
./monitorMulti.sh: line 24: [[: 4542
4542: syntax error in expression (error token is "4542")
./monitorMulti.sh: line 24: [[: 4542
4542: syntax error in expression (error token is "4542")
./monitorMulti.sh: line 24: [[: 4542
4542: syntax error in expression (error token is "4542")
./monitorMulti.sh: line 24: [[: 4542
4542: syntax error in expression (error token is "4542")
./monitorMulti.sh: line 24: [[: 4542
4542: syntax error in expression (error token is "4542")
./monitorMulti.sh: line 24: [[: 4542
4542: syntax error in expression (error token is "4542")
./monitorMulti.sh: line 24: [[: 4542
4542: syntax error in expression (error token is "4542")
./monitorMulti.sh: line 24: [[: 4542
4542: syntax error in expression (error token is "4542")
./monitorMulti.sh: line 24: [[: 4542
4542: syntax error in expression (error token is "4542")
./monitorMulti.sh: line 24: [[: 4542
4542: syntax error in expression (error token is "4542")
./monitorMulti.sh: line 24: [[: 4542
4542: syntax error in expression (error token is "4542")
./monitorMulti.sh: line 24: [[: 4542
4542: syntax error in expression (error token is "4542")
sudo ./start_multi.sh is down
Restarting process sudo ./start_multi.sh
./monitorMulti.sh: line 24: [[: 8314
8314: syntax error in expression (error token is "8314")
./monitorMulti.sh: line 24: [[: 8314
8314: syntax error in expression (error token is "8314")
./monitorMulti.sh: line 24: [[: 8314
8314: syntax error in expression (error token is "8314")
./monitorMulti.sh: line 24: [[: 8314
8314: syntax error in expression (error token is "8314")
./monitorMulti.sh: line 24: [[: 8314
8314: syntax error in expression (error token is "8314")
./monitorMulti.sh: line 24: [[: 8314
8314: syntax error in expression (error token is "8314")
./monitorMulti.sh: line 24: [[: 8314
8314: syntax error in expression (error token is "8314")
./monitorMulti.sh: line 24: [[: 8314
8314: syntax error in expression (error token is "8314")
./monitorMulti.sh: line 24: [[: 8314
8314: syntax error in expression (error token is "8314")
./monitorMulti.sh: line 24: [[: 8314
8314: syntax error in expression (error token is "8314")
./monitorMulti.sh: line 24: [[: 8314
8314: syntax error in expression (error token is "8314")
./monitorMulti.sh: line 24: [[: 8314
8314: syntax error in expression (error token is "8314")
./monitorMulti.sh: line 24: [[: 8314
8314: syntax error in expression (error token is "8314")
./monitorMulti.sh: line 24: [[: 8314
8314: syntax error in expression (error token is "8314")
./monitorMulti.sh: line 24: [[: 8314
8314: syntax error in expression (error token is "8314")
./monitorMulti.sh: line 24: [[: 8314
8314: syntax error in expression (error token is "8314")
./monitorMulti.sh: line 24: [[: 8314
8314: syntax error in expression (error token is "8314")
./monitorMulti.sh: line 24: [[: 8314
8314: syntax error in expression (error token is "8314")
./monitorMulti.sh: line 24: [[: 8314
8314: syntax error in expression (error token is "8314")
./monitorMulti.sh: line 24: [[: 8314
8314: syntax error in expression (error token is "8314")
./monitorMulti.sh: line 24: [[: 8314
8314: syntax error in expression (error token is "8314")
./monitorMulti.sh: line 24: [[: 8314
8314: syntax error in expression (error token is "8314")
./monitorMulti.sh: line 24: [[: 8314
8314: syntax error in expression (error token is "8314")
./monitorMulti.sh: line 24: [[: 8314
8314: syntax error in expression (error token is "8314")
./monitorMulti.sh: line 24: [[: 8314
8314: syntax error in expression (error token is "8314")
./monitorMulti.sh: line 24: [[: 8314
8314: syntax error in expression (error token is "8314")
./monitorMulti.sh: line 24: [[: 8314
8314: syntax error in expression (error token is "8314")
./monitorMulti.sh: line 24: [[: 8314
8314: syntax error in expression (error token is "8314")
./monitorMulti.sh: line 24: [[: 8314
8314: syntax error in expression (error token is "8314")
./monitorMulti.sh: line 24: [[: 8314
8314: syntax error in expression (error token is "8314")
./monitorMulti.sh: line 24: [[: 8314
8314: syntax error in expression (error token is "8314")
./monitorMulti.sh: line 24: [[: 8314
8314: syntax error in expression (error token is "8314")
./monitorMulti.sh: line 24: [[: 8314
8314: syntax error in expression (error token is "8314")
sudo ./start_multi.sh is down
Restarting process sudo ./start_multi.sh
./monitorMulti.sh: line 24: [[: 9593
9593: syntax error in expression (error token is "9593")
./monitorMulti.sh: line 24: [[: 9593
9593: syntax error in expression (error token is "9593")
./monitorMulti.sh: line 24: [[: 9593
9593: syntax error in expression (error token is "9593")
./monitorMulti.sh: line 24: [[: 9593
9593: syntax error in expression (error token is "9593")
./monitorMulti.sh: line 24: [[: 9593
9593: syntax error in expression (error token is "9593")
./monitorMulti.sh: line 24: [[: 9593
9593: syntax error in expression (error token is "9593")
./monitorMulti.sh: line 24: [[: 9593
9593: syntax error in expression (error token is "9593")
./monitorMulti.sh: line 24: [[: 9593
9593: syntax error in expression (error token is "9593")
./monitorMulti.sh: line 24: [[: 9593
9593: syntax error in expression (error token is "9593")
./monitorMulti.sh: line 24: [[: 9593
9593: syntax error in expression (error token is "9593")
./monitorMulti.sh: line 24: [[: 9593
9593: syntax error in expression (error token is "9593")
./monitorMulti.sh: line 24: [[: 9593
9593: syntax error in expression (error token is "9593")
./monitorMulti.sh: line 24: [[: 9593
9593: syntax error in expression (error token is "9593")
./monitorMulti.sh: line 24: [[: 9593
9593: syntax error in expression (error token is "9593")
./monitorMulti.sh: line 24: [[: 9593
9593: syntax error in expression (error token is "9593")
./monitorMulti.sh: line 24: [[: 9593
9593: syntax error in expression (error token is "9593")
./monitorMulti.sh: line 24: [[: 9593
9593: syntax error in expression (error token is "9593")
./monitorMulti.sh: line 24: [[: 9593
9593: syntax error in expression (error token is "9593")
./monitorMulti.sh: line 24: [[: 9593
9593: syntax error in expression (error token is "9593")
./monitorMulti.sh: line 24: [[: 9593
9593: syntax error in expression (error token is "9593")
./monitorMulti.sh: line 24: [[: 9593
9593: syntax error in expression (error token is "9593")
./monitorMulti.sh: line 24: [[: 9593
9593: syntax error in expression (error token is "9593")
./monitorMulti.sh: line 24: [[: 9593
9593: syntax error in expression (error token is "9593")
./monitorMulti.sh: line 24: [[: 9593
9593: syntax error in expression (error token is "9593")
./monitorMulti.sh: line 24: [[: 9593
9593: syntax error in expression (error token is "9593")
./monitorMulti.sh: line 24: [[: 9593
9593: syntax error in expression (error token is "9593")
./monitorMulti.sh: line 24: [[: 9593
9593: syntax error in expression (error token is "9593")
./monitorMulti.sh: line 24: [[: 9593
9593: syntax error in expression (error token is "9593")
./monitorMulti.sh: line 24: [[: 9593
9593: syntax error in expression (error token is "9593")
./monitorMulti.sh: line 24: [[: 9593
9593: syntax error in expression (error token is "9593")
./monitorMulti.sh: line 24: [[: 9593
9593: syntax error in expression (error token is "9593")
./monitorMulti.sh: line 24: [[: 9593
9593: syntax error in expression (error token is "9593")
./monitorMulti.sh: line 24: [[: 9593
9593: syntax error in expression (error token is "9593")
./monitorMulti.sh: line 24: [[: 9593
9593: syntax error in expression (error token is "9593")
./monitorMulti.sh: line 24: [[: 9593
9593: syntax error in expression (error token is "9593")
./monitorMulti.sh: line 24: [[: 9593
9593: syntax error in expression (error token is "9593")
./monitorMulti.sh: line 24: [[: 9593
9593: syntax error in expression (error token is "9593")
./monitorMulti.sh: line 24: [[: 9593
9593: syntax error in expression (error token is "9593")
./monitorMulti.sh: line 24: [[: 9593
9593: syntax error in expression (error token is "9593")
./monitorMulti.sh: line 24: [[: 9593
9593: syntax error in expression (error token is "9593")
./monitorMulti.sh: line 24: [[: 9593
9593: syntax error in expression (error token is "9593")
./monitorMulti.sh: line 24: [[: 9593
9593: syntax error in expression (error token is "9593")
./monitorMulti.sh: line 24: [[: 9593
9593: syntax error in expression (error token is "9593")
./monitorMulti.sh: line 24: [[: 9593
9593: syntax error in expression (error token is "9593")
./monitorMulti.sh: line 24: [[: 9593
9593: syntax error in expression (error token is "9593")
./monitorMulti.sh: line 24: [[: 9593
9593: syntax error in expression (error token is "9593")
./monitorMulti.sh: line 24: [[: 9593
9593: syntax error in expression (error token is "9593")
./monitorMulti.sh: line 24: [[: 9593
9593: syntax error in expression (error token is "9593")
./monitorMulti.sh: line 24: [[: 9593
9593: syntax error in expression (error token is "9593")
./monitorMulti.sh: line 24: [[: 9593
9593: syntax error in expression (error token is "9593")
./monitorMulti.sh: line 24: [[: 9593
9593: syntax error in expression (error token is "9593")
./monitorMulti.sh: line 24: [[: 9593
9593: syntax error in expression (error token is "9593")
./monitorMulti.sh: line 24: [[: 9593
9593: syntax error in expression (error token is "9593")
./monitorMulti.sh: line 24: [[: 9593
9593: syntax error in expression (error token is "9593")
./monitorMulti.sh: line 24: [[: 9593
9593: syntax error in expression (error token is "9593")
./monitorMulti.sh: line 24: [[: 9593
9593: syntax error in expression (error token is "9593")
./monitorMulti.sh: line 24: [[: 9593
9593: syntax error in expression (error token is "9593")
./monitorMulti.sh: line 24: [[: 9593
9593: syntax error in expression (error token is "9593")
./monitorMulti.sh: line 24: [[: 9593
9593: syntax error in expression (error token is "9593")
./monitorMulti.sh: line 24: [[: 9593
9593: syntax error in expression (error token is "9593")
./monitorMulti.sh: line 24: [[: 9593
9593: syntax error in expression (error token is "9593")
./monitorMulti.sh: line 24: [[: 9593
9593: syntax error in expression (error token is "9593")
./monitorMulti.sh: line 24: [[: 9593
9593: syntax error in expression (error token is "9593")
./monitorMulti.sh: line 24: [[: 9593
9593: syntax error in expression (error token is "9593")
./monitorMulti.sh: line 24: [[: 9593
9593: syntax error in expression (error token is "9593")
./monitorMulti.sh: line 24: [[: 9593
9593: syntax error in expression (error token is "9593")
./monitorMulti.sh: line 24: [[: 9593
9593: syntax error in expression (error token is "9593")
./monitorMulti.sh: line 24: [[: 9593
9593: syntax error in expression (error token is "9593")
./monitorMulti.sh: line 24: [[: 9593
9593: syntax error in expression (error token is "9593")
./monitorMulti.sh: line 24: [[: 9593
9593: syntax error in expression (error token is "9593")
./monitorMulti.sh: line 24: [[: 9593
9593: syntax error in expression (error token is "9593")
./monitorMulti.sh: line 24: [[: 9593
9593: syntax error in expression (error token is "9593")
./monitorMulti.sh: line 24: [[: 9593
9593: syntax error in expression (error token is "9593")
./monitorMulti.sh: line 24: [[: 9593
9593: syntax error in expression (error token is "9593")
./monitorMulti.sh: line 24: [[: 9593
9593: syntax error in expression (error token is "9593")
./monitorMulti.sh: line 24: [[: 9593
9593: syntax error in expression (error token is "9593")
./monitorMulti.sh: line 24: [[: 9593
9593: syntax error in expression (error token is "9593")
./monitorMulti.sh: line 24: [[: 9593
9593: syntax error in expression (error token is "9593")
./monitorMulti.sh: line 24: [[: 9593
9593: syntax error in expression (error token is "9593")
./monitorMulti.sh: line 24: [[: 9593
9593: syntax error in expression (error token is "9593")
./monitorMulti.sh: line 24: [[: 9593
9593: syntax error in expression (error token is "9593")
./monitorMulti.sh: line 24: [[: 9593
9593: syntax error in expression (error token is "9593")
./monitorMulti.sh: line 24: [[: 9593
9593: syntax error in expression (error token is "9593")
./monitorMulti.sh: line 24: [[: 9593
9593: syntax error in expression (error token is "9593")
./monitorMulti.sh: line 24: [[: 9593
9593: syntax error in expression (error token is "9593")
./monitorMulti.sh: line 24: [[: 9593
9593: syntax error in expression (error token is "9593")
./monitorMulti.sh: line 24: [[: 9593
9593: syntax error in expression (error token is "9593")
./monitorMulti.sh: line 24: [[: 9593
9593: syntax error in expression (error token is "9593")
./monitorMulti.sh: line 24: [[: 9593
9593: syntax error in expression (error token is "9593")
./monitorMulti.sh: line 24: [[: 9593
9593: syntax error in expression (error token is "9593")
./monitorMulti.sh: line 24: [[: 9593
9593: syntax error in expression (error token is "9593")
./monitorMulti.sh: line 24: [[: 9593
9593: syntax error in expression (error token is "9593")
./monitorMulti.sh: line 24: [[: 9593
9593: syntax error in expression (error token is "9593")
./monitorMulti.sh: line 24: [[: 9593
9593: syntax error in expression (error token is "9593")
sudo ./start_multi.sh is down
Restarting process sudo ./start_multi.sh
./monitorMulti.sh: line 24: [[: 4047
4047: syntax error in expression (error token is "4047")
./monitorMulti.sh: line 24: [[: 4047
4047: syntax error in expression (error token is "4047")
./monitorMulti.sh: line 24: [[: 4047
4047: syntax error in expression (error token is "4047")
./monitorMulti.sh: line 24: [[: 4047
4047: syntax error in expression (error token is "4047")
./monitorMulti.sh: line 24: [[: 4047
4047: syntax error in expression (error token is "4047")
./monitorMulti.sh: line 24: [[: 4047
4047: syntax error in expression (error token is "4047")
./monitorMulti.sh: line 24: [[: 4047
4047: syntax error in expression (error token is "4047")
./monitorMulti.sh: line 24: [[: 4047
4047: syntax error in expression (error token is "4047")
./monitorMulti.sh: line 24: [[: 4047
4047: syntax error in expression (error token is "4047")
./monitorMulti.sh: line 24: [[: 4047
4047: syntax error in expression (error token is "4047")
./monitorMulti.sh: line 24: [[: 4047
4047: syntax error in expression (error token is "4047")
./monitorMulti.sh: line 24: [[: 4047
4047: syntax error in expression (error token is "4047")
./monitorMulti.sh: line 24: [[: 4047
4047: syntax error in expression (error token is "4047")
./monitorMulti.sh: line 24: [[: 4047
4047: syntax error in expression (error token is "4047")
sudo ./start_multi.sh is down
Restarting process sudo ./start_multi.sh
./monitorMulti.sh: line 24: [[: 7683
7683: syntax error in expression (error token is "7683")
./monitorMulti.sh: line 24: [[: 7683
7683: syntax error in expression (error token is "7683")
./monitorMulti.sh: line 24: [[: 7683
7683: syntax error in expression (error token is "7683")
./monitorMulti.sh: line 24: [[: 7683
7683: syntax error in expression (error token is "7683")
./monitorMulti.sh: line 24: [[: 7683
7683: syntax error in expression (error token is "7683")
./monitorMulti.sh: line 24: [[: 7683
7683: syntax error in expression (error token is "7683")
./monitorMulti.sh: line 24: [[: 7683
7683: syntax error in expression (error token is "7683")
./monitorMulti.sh: line 24: [[: 7683
7683: syntax error in expression (error token is "7683")
./monitorMulti.sh: line 24: [[: 7683
7683: syntax error in expression (error token is "7683")
./monitorMulti.sh: line 24: [[: 7683
7683: syntax error in expression (error token is "7683")
./monitorMulti.sh: line 24: [[: 7683
7683: syntax error in expression (error token is "7683")
./monitorMulti.sh: line 24: [[: 7683
7683: syntax error in expression (error token is "7683")
./monitorMulti.sh: line 24: [[: 7683
7683: syntax error in expression (error token is "7683")
./monitorMulti.sh: line 24: [[: 7683
7683: syntax error in expression (error token is "7683")
./monitorMulti.sh: line 24: [[: 7683
7683: syntax error in expression (error token is "7683")
./monitorMulti.sh: line 24: [[: 7683
7683: syntax error in expression (error token is "7683")
./monitorMulti.sh: line 24: [[: 7683
7683: syntax error in expression (error token is "7683")
./monitorMulti.sh: line 24: [[: 7683
7683: syntax error in expression (error token is "7683")
./monitorMulti.sh: line 24: [[: 7683
7683: syntax error in expression (error token is "7683")
./monitorMulti.sh: line 24: [[: 7683
7683: syntax error in expression (error token is "7683")
./monitorMulti.sh: line 24: [[: 7683
7683: syntax error in expression (error token is "7683")
./monitorMulti.sh: line 24: [[: 7683
7683: syntax error in expression (error token is "7683")
./monitorMulti.sh: line 24: [[: 7683
7683: syntax error in expression (error token is "7683")
./monitorMulti.sh: line 24: [[: 7683
7683: syntax error in expression (error token is "7683")
./monitorMulti.sh: line 24: [[: 7683
7683: syntax error in expression (error token is "7683")
./monitorMulti.sh: line 24: [[: 7683
7683: syntax error in expression (error token is "7683")
./monitorMulti.sh: line 24: [[: 7683
7683: syntax error in expression (error token is "7683")
./monitorMulti.sh: line 24: [[: 7683
7683: syntax error in expression (error token is "7683")
./monitorMulti.sh: line 24: [[: 7683
7683: syntax error in expression (error token is "7683")
./monitorMulti.sh: line 24: [[: 7683
7683: syntax error in expression (error token is "7683")
./monitorMulti.sh: line 24: [[: 7683
7683: syntax error in expression (error token is "7683")
./monitorMulti.sh: line 24: [[: 7683
7683: syntax error in expression (error token is "7683")
./monitorMulti.sh: line 24: [[: 7683
7683: syntax error in expression (error token is "7683")
./monitorMulti.sh: line 24: [[: 7683
7683: syntax error in expression (error token is "7683")
./monitorMulti.sh: line 24: [[: 7683
7683: syntax error in expression (error token is "7683")
./monitorMulti.sh: line 24: [[: 7683
7683: syntax error in expression (error token is "7683")
./monitorMulti.sh: line 24: [[: 7683
7683: syntax error in expression (error token is "7683")
./monitorMulti.sh: line 24: [[: 7683
7683: syntax error in expression (error token is "7683")
./monitorMulti.sh: line 24: [[: 7683
7683: syntax error in expression (error token is "7683")
./monitorMulti.sh: line 24: [[: 7683
7683: syntax error in expression (error token is "7683")
./monitorMulti.sh: line 24: [[: 7683
7683: syntax error in expression (error token is "7683")
./monitorMulti.sh: line 24: [[: 7683
7683: syntax error in expression (error token is "7683")
./monitorMulti.sh: line 24: [[: 7683
7683: syntax error in expression (error token is "7683")
./monitorMulti.sh: line 24: [[: 7683
7683: syntax error in expression (error token is "7683")
./monitorMulti.sh: line 24: [[: 7683
7683: syntax error in expression (error token is "7683")
./monitorMulti.sh: line 24: [[: 7683
7683: syntax error in expression (error token is "7683")
./monitorMulti.sh: line 24: [[: 7683
7683: syntax error in expression (error token is "7683")
./monitorMulti.sh: line 24: [[: 7683
7683: syntax error in expression (error token is "7683")
./monitorMulti.sh: line 24: [[: 7683
7683: syntax error in expression (error token is "7683")
./monitorMulti.sh: line 24: [[: 7683
7683: syntax error in expression (error token is "7683")
./monitorMulti.sh: line 24: [[: 7683
7683: syntax error in expression (error token is "7683")
./monitorMulti.sh: line 24: [[: 7683
7683: syntax error in expression (error token is "7683")
./monitorMulti.sh: line 24: [[: 7683
7683: syntax error in expression (error token is "7683")
./monitorMulti.sh: line 24: [[: 7683
7683: syntax error in expression (error token is "7683")
./monitorMulti.sh: line 24: [[: 7683
7683: syntax error in expression (error token is "7683")
./monitorMulti.sh: line 24: [[: 7683
7683: syntax error in expression (error token is "7683")
./monitorMulti.sh: line 24: [[: 7683
7683: syntax error in expression (error token is "7683")
./monitorMulti.sh: line 24: [[: 7683
7683: syntax error in expression (error token is "7683")
./monitorMulti.sh: line 24: [[: 7683
7683: syntax error in expression (error token is "7683")
./monitorMulti.sh: line 24: [[: 7683
7683: syntax error in expression (error token is "7683")
./monitorMulti.sh: line 24: [[: 7683
7683: syntax error in expression (error token is "7683")
./monitorMulti.sh: line 24: [[: 7683
7683: syntax error in expression (error token is "7683")
./monitorMulti.sh: line 24: [[: 7683
7683: syntax error in expression (error token is "7683")
./monitorMulti.sh: line 24: [[: 7683
7683: syntax error in expression (error token is "7683")
./monitorMulti.sh: line 24: [[: 7683
7683: syntax error in expression (error token is "7683")
./monitorMulti.sh: line 24: [[: 7683
7683: syntax error in expression (error token is "7683")
./monitorMulti.sh: line 24: [[: 7683
7683: syntax error in expression (error token is "7683")
./monitorMulti.sh: line 24: [[: 7683
7683: syntax error in expression (error token is "7683")
./monitorMulti.sh: line 24: [[: 7683
7683: syntax error in expression (error token is "7683")
./monitorMulti.sh: line 24: [[: 7683
7683: syntax error in expression (error token is "7683")
./monitorMulti.sh: line 24: [[: 7683
7683: syntax error in expression (error token is "7683")
./monitorMulti.sh: line 24: [[: 7683
7683: syntax error in expression (error token is "7683")
./monitorMulti.sh: line 24: [[: 7683
7683: syntax error in expression (error token is "7683")
./monitorMulti.sh: line 24: [[: 7683
7683: syntax error in expression (error token is "7683")
./monitorMulti.sh: line 24: [[: 7683
7683: syntax error in expression (error token is "7683")
./monitorMulti.sh: line 24: [[: 7683
7683: syntax error in expression (error token is "7683")
./monitorMulti.sh: line 24: [[: 7683
7683: syntax error in expression (error token is "7683")
./monitorMulti.sh: line 24: [[: 7683
7683: syntax error in expression (error token is "7683")
./monitorMulti.sh: line 24: [[: 7683
7683: syntax error in expression (error token is "7683")
./monitorMulti.sh: line 24: [[: 7683
7683: syntax error in expression (error token is "7683")
./monitorMulti.sh: line 24: [[: 7683
7683: syntax error in expression (error token is "7683")
./monitorMulti.sh: line 24: [[: 7683
7683: syntax error in expression (error token is "7683")
./monitorMulti.sh: line 24: [[: 7683
7683: syntax error in expression (error token is "7683")
./monitorMulti.sh: line 24: [[: 7683
7683: syntax error in expression (error token is "7683")
./monitorMulti.sh: line 24: [[: 7683
7683: syntax error in expression (error token is "7683")
./monitorMulti.sh: line 24: [[: 7683
7683: syntax error in expression (error token is "7683")
./monitorMulti.sh: line 24: [[: 7683
7683: syntax error in expression (error token is "7683")
./monitorMulti.sh: line 24: [[: 7683
7683: syntax error in expression (error token is "7683")
./monitorMulti.sh: line 24: [[: 7683
7683: syntax error in expression (error token is "7683")
./monitorMulti.sh: line 24: [[: 7683
7683: syntax error in expression (error token is "7683")
./monitorMulti.sh: line 24: [[: 7683
7683: syntax error in expression (error token is "7683")
./monitorMulti.sh: line 24: [[: 7683
7683: syntax error in expression (error token is "7683")
./monitorMulti.sh: line 24: [[: 7683
7683: syntax error in expression (error token is "7683")
./monitorMulti.sh: line 24: [[: 7683
7683: syntax error in expression (error token is "7683")
./monitorMulti.sh: line 24: [[: 7683
7683: syntax error in expression (error token is "7683")
./monitorMulti.sh: line 24: [[: 7683
7683: syntax error in expression (error token is "7683")
./monitorMulti.sh: line 24: [[: 7683
7683: syntax error in expression (error token is "7683")
./monitorMulti.sh: line 24: [[: 7683
7683: syntax error in expression (error token is "7683")
./monitorMulti.sh: line 24: [[: 7683
7683: syntax error in expression (error token is "7683")
./monitorMulti.sh: line 24: [[: 7683
7683: syntax error in expression (error token is "7683")
./monitorMulti.sh: line 24: [[: 7683
7683: syntax error in expression (error token is "7683")
./monitorMulti.sh: line 24: [[: 7683
7683: syntax error in expression (error token is "7683")
./monitorMulti.sh: line 24: [[: 7683
7683: syntax error in expression (error token is "7683")
./monitorMulti.sh: line 24: [[: 7683
7683: syntax error in expression (error token is "7683")
./monitorMulti.sh: line 24: [[: 7683
7683: syntax error in expression (error token is "7683")
./monitorMulti.sh: line 24: [[: 7683
7683: syntax error in expression (error token is "7683")
./monitorMulti.sh: line 24: [[: 7683
7683: syntax error in expression (error token is "7683")
./monitorMulti.sh: line 24: [[: 7683
7683: syntax error in expression (error token is "7683")
./monitorMulti.sh: line 24: [[: 7683
7683: syntax error in expression (error token is "7683")
sudo ./start_multi.sh is down
Restarting process sudo ./start_multi.sh
./monitorMulti.sh: line 24: [[: 7948
7948: syntax error in expression (error token is "7948")
./monitorMulti.sh: line 24: [[: 7948
7948: syntax error in expression (error token is "7948")
./monitorMulti.sh: line 24: [[: 7948
7948: syntax error in expression (error token is "7948")
./monitorMulti.sh: line 24: [[: 7948
7948: syntax error in expression (error token is "7948")
./monitorMulti.sh: line 24: [[: 7948
7948: syntax error in expression (error token is "7948")
./monitorMulti.sh: line 24: [[: 7948
7948: syntax error in expression (error token is "7948")
./monitorMulti.sh: line 24: [[: 7948
7948: syntax error in expression (error token is "7948")
./monitorMulti.sh: line 24: [[: 7948
7948: syntax error in expression (error token is "7948")
./monitorMulti.sh: line 24: [[: 7948
7948: syntax error in expression (error token is "7948")
./monitorMulti.sh: line 24: [[: 7948
7948: syntax error in expression (error token is "7948")
./monitorMulti.sh: line 24: [[: 7948
7948: syntax error in expression (error token is "7948")
sudo ./start_multi.sh is down
Restarting process sudo ./start_multi.sh
sudo ./start_multi.sh is down
Restarting process sudo ./start_multi.sh
./monitorMulti.sh: line 24: [[: 4343
4343: syntax error in expression (error token is "4343")
./monitorMulti.sh: line 24: [[: 4343
4343: syntax error in expression (error token is "4343")
./monitorMulti.sh: line 24: [[: 4343
4343: syntax error in expression (error token is "4343")
./monitorMulti.sh: line 24: [[: 4343
4343: syntax error in expression (error token is "4343")
./monitorMulti.sh: line 24: [[: 4343
4343: syntax error in expression (error token is "4343")
./monitorMulti.sh: line 24: [[: 4343
4343: syntax error in expression (error token is "4343")
./monitorMulti.sh: line 24: [[: 4343
4343: syntax error in expression (error token is "4343")
./monitorMulti.sh: line 24: [[: 4343
4343: syntax error in expression (error token is "4343")
./monitorMulti.sh: line 24: [[: 4343
4343: syntax error in expression (error token is "4343")
./monitorMulti.sh: line 24: [[: 4343
4343: syntax error in expression (error token is "4343")
./monitorMulti.sh: line 24: [[: 4343
4343: syntax error in expression (error token is "4343")
./monitorMulti.sh: line 24: [[: 4343
4343: syntax error in expression (error token is "4343")
./monitorMulti.sh: line 24: [[: 4343
4343: syntax error in expression (error token is "4343")
./monitorMulti.sh: line 24: [[: 4343
4343: syntax error in expression (error token is "4343")
./monitorMulti.sh: line 24: [[: 4343
4343: syntax error in expression (error token is "4343")
./monitorMulti.sh: line 24: [[: 4343
4343: syntax error in expression (error token is "4343")
./monitorMulti.sh: line 24: [[: 4343
4343: syntax error in expression (error token is "4343")
./monitorMulti.sh: line 24: [[: 4343
4343: syntax error in expression (error token is "4343")
./monitorMulti.sh: line 24: [[: 4343
4343: syntax error in expression (error token is "4343")
./monitorMulti.sh: line 24: [[: 4343
4343: syntax error in expression (error token is "4343")
./monitorMulti.sh: line 24: [[: 4343
4343: syntax error in expression (error token is "4343")
./monitorMulti.sh: line 24: [[: 4343
4343: syntax error in expression (error token is "4343")
./monitorMulti.sh: line 24: [[: 4343
4343: syntax error in expression (error token is "4343")
./monitorMulti.sh: line 24: [[: 4343
4343: syntax error in expression (error token is "4343")
./monitorMulti.sh: line 24: [[: 4343
4343: syntax error in expression (error token is "4343")
./monitorMulti.sh: line 24: [[: 4343
4343: syntax error in expression (error token is "4343")
./monitorMulti.sh: line 24: [[: 4343
4343: syntax error in expression (error token is "4343")
./monitorMulti.sh: line 24: [[: 4343
4343: syntax error in expression (error token is "4343")
./monitorMulti.sh: line 24: [[: 4343
4343: syntax error in expression (error token is "4343")
./monitorMulti.sh: line 24: [[: 4343
4343: syntax error in expression (error token is "4343")
./monitorMulti.sh: line 24: [[: 4343
4343: syntax error in expression (error token is "4343")
./monitorMulti.sh: line 24: [[: 4343
4343: syntax error in expression (error token is "4343")
./monitorMulti.sh: line 24: [[: 4343
4343: syntax error in expression (error token is "4343")
./monitorMulti.sh: line 24: [[: 4343
4343: syntax error in expression (error token is "4343")
./monitorMulti.sh: line 24: [[: 4343
4343: syntax error in expression (error token is "4343")
./monitorMulti.sh: line 24: [[: 4343
4343: syntax error in expression (error token is "4343")
./monitorMulti.sh: line 24: [[: 4343
4343: syntax error in expression (error token is "4343")
./monitorMulti.sh: line 24: [[: 4343
4343: syntax error in expression (error token is "4343")
./monitorMulti.sh: line 24: [[: 4343
4343: syntax error in expression (error token is "4343")
./monitorMulti.sh: line 24: [[: 4343
4343: syntax error in expression (error token is "4343")
./monitorMulti.sh: line 24: [[: 4343
4343: syntax error in expression (error token is "4343")
./monitorMulti.sh: line 24: [[: 4343
4343: syntax error in expression (error token is "4343")
./monitorMulti.sh: line 24: [[: 4343
4343: syntax error in expression (error token is "4343")
./monitorMulti.sh: line 24: [[: 4343
4343: syntax error in expression (error token is "4343")
./monitorMulti.sh: line 24: [[: 4343
4343: syntax error in expression (error token is "4343")
./monitorMulti.sh: line 24: [[: 4343
4343: syntax error in expression (error token is "4343")
./monitorMulti.sh: line 24: [[: 4343
4343: syntax error in expression (error token is "4343")
sudo ./start_multi.sh is down
Restarting process sudo ./start_multi.sh
sudo ./start_multi.sh is down
Restarting process sudo ./start_multi.sh
sudo ./start_multi.sh is down
Restarting process sudo ./start_multi.sh
sudo ./start_multi.sh is down
Restarting process sudo ./start_multi.sh
./monitorMulti.sh: line 24: [[: 3906
3906: syntax error in expression (error token is "3906")
./monitorMulti.sh: line 24: [[: 3906
3906: syntax error in expression (error token is "3906")
./monitorMulti.sh: line 24: [[: 3906
3906: syntax error in expression (error token is "3906")
./monitorMulti.sh: line 24: [[: 3906
3906: syntax error in expression (error token is "3906")
./monitorMulti.sh: line 24: [[: 3906
3906: syntax error in expression (error token is "3906")
./monitorMulti.sh: line 24: [[: 3906
3906: syntax error in expression (error token is "3906")
./monitorMulti.sh: line 24: [[: 3906
3906: syntax error in expression (error token is "3906")
./monitorMulti.sh: line 24: [[: 3906
3906: syntax error in expression (error token is "3906")
./monitorMulti.sh: line 24: [[: 3906
3906: syntax error in expression (error token is "3906")
./monitorMulti.sh: line 24: [[: 3906
3906: syntax error in expression (error token is "3906")
./monitorMulti.sh: line 24: [[: 3906
3906: syntax error in expression (error token is "3906")
./monitorMulti.sh: line 24: [[: 3906
3906: syntax error in expression (error token is "3906")
./monitorMulti.sh: line 24: [[: 3906
3906: syntax error in expression (error token is "3906")
./monitorMulti.sh: line 24: [[: 3906
3906: syntax error in expression (error token is "3906")
./monitorMulti.sh: line 24: [[: 3906
3906: syntax error in expression (error token is "3906")
./monitorMulti.sh: line 24: [[: 3906
3906: syntax error in expression (error token is "3906")
./monitorMulti.sh: line 24: [[: 3906
3906: syntax error in expression (error token is "3906")
./monitorMulti.sh: line 24: [[: 3906
3906: syntax error in expression (error token is "3906")
./monitorMulti.sh: line 24: [[: 3906
3906: syntax error in expression (error token is "3906")
./monitorMulti.sh: line 24: [[: 3906
3906: syntax error in expression (error token is "3906")
./monitorMulti.sh: line 24: [[: 3906
3906: syntax error in expression (error token is "3906")
./monitorMulti.sh: line 24: [[: 3906
3906: syntax error in expression (error token is "3906")
./monitorMulti.sh: line 24: [[: 3906
3906: syntax error in expression (error token is "3906")
./monitorMulti.sh: line 24: [[: 3906
3906: syntax error in expression (error token is "3906")
./monitorMulti.sh: line 24: [[: 3906
3906: syntax error in expression (error token is "3906")
./monitorMulti.sh: line 24: [[: 3906
3906: syntax error in expression (error token is "3906")
./monitorMulti.sh: line 24: [[: 3906
3906: syntax error in expression (error token is "3906")
./monitorMulti.sh: line 24: [[: 3906
3906: syntax error in expression (error token is "3906")
./monitorMulti.sh: line 24: [[: 3906
3906: syntax error in expression (error token is "3906")
./monitorMulti.sh: line 24: [[: 3906
3906: syntax error in expression (error token is "3906")
./monitorMulti.sh: line 24: [[: 3906
3906: syntax error in expression (error token is "3906")
./monitorMulti.sh: line 24: [[: 3906
3906: syntax error in expression (error token is "3906")
./monitorMulti.sh: line 24: [[: 3906
3906: syntax error in expression (error token is "3906")
./monitorMulti.sh: line 24: [[: 3906
3906: syntax error in expression (error token is "3906")
./monitorMulti.sh: line 24: [[: 3906
3906: syntax error in expression (error token is "3906")
./monitorMulti.sh: line 24: [[: 3906
3906: syntax error in expression (error token is "3906")
./monitorMulti.sh: line 24: [[: 3906
3906: syntax error in expression (error token is "3906")
./monitorMulti.sh: line 24: [[: 3906
3906: syntax error in expression (error token is "3906")
./monitorMulti.sh: line 24: [[: 3906
3906: syntax error in expression (error token is "3906")
./monitorMulti.sh: line 24: [[: 3906
3906: syntax error in expression (error token is "3906")
./monitorMulti.sh: line 24: [[: 3906
3906: syntax error in expression (error token is "3906")
./monitorMulti.sh: line 24: [[: 3906
3906: syntax error in expression (error token is "3906")
./monitorMulti.sh: line 24: [[: 3906
3906: syntax error in expression (error token is "3906")
./monitorMulti.sh: line 24: [[: 3906
3906: syntax error in expression (error token is "3906")
./monitorMulti.sh: line 24: [[: 3906
3906: syntax error in expression (error token is "3906")
./monitorMulti.sh: line 24: [[: 3906
3906: syntax error in expression (error token is "3906")
./monitorMulti.sh: line 24: [[: 3906
3906: syntax error in expression (error token is "3906")
./monitorMulti.sh: line 24: [[: 3906
3906: syntax error in expression (error token is "3906")
./monitorMulti.sh: line 24: [[: 3906
3906: syntax error in expression (error token is "3906")
